#
# There is insufficient memory for the Java Runtime Environment to continue.
# Native memory allocation (malloc) failed to allocate 1055616 bytes for Chunk::new
# Possible reasons:
#   The system is out of physical RAM or swap space
#   The process is running with CompressedOops enabled, and the Java Heap may be blocking the growth of the native heap
# Possible solutions:
#   Reduce memory load on the system
#   Increase physical memory or swap space
#   Check if swap backing store is full
#   Decrease Java heap size (-Xmx/-Xms)
#   Decrease number of Java threads
#   Decrease Java thread stack sizes (-Xss)
#   Set larger code cache with -XX:ReservedCodeCacheSize=
#   JVM is running with Unscaled Compressed Oops mode in which the Java heap is
#     placed in the first 4GB address space. The Java Heap base address is the
#     maximum limit for the native heap growth. Please use -XX:HeapBaseMinAddress
#     to set the Java Heap base and to place the Java Heap above 4GB virtual address.
# This output file may be truncated or incomplete.
#
#  Out of Memory Error (arena.cpp:191), pid=20432, tid=14572
#
# JRE version: OpenJDK Runtime Environment (17.0.10) (build 17.0.10+0--11609105)
# Java VM: OpenJDK 64-Bit Server VM (17.0.10+0--11609105, mixed mode, tiered, compressed oops, compressed class ptrs, g1 gc, windows-amd64)
# No core dump will be written. Minidumps are not enabled by default on client versions of Windows
#

---------------  S U M M A R Y ------------

Command Line: --add-opens=java.base/java.util=ALL-UNNAMED --add-opens=java.base/java.lang=ALL-UNNAMED --add-opens=java.base/java.lang.invoke=ALL-UNNAMED --add-opens=java.prefs/java.util.prefs=ALL-UNNAMED --add-opens=java.base/java.nio.charset=ALL-UNNAMED --add-opens=java.base/java.net=ALL-UNNAMED --add-opens=java.base/java.util.concurrent.atomic=ALL-UNNAMED -Xmx2048m -Dfile.encoding=UTF-8 -Duser.country=US -Duser.language=en -Duser.variant -javaagent:C:\Users\tanis\.gradle\wrapper\dists\gradle-8.7-bin\bhs2wmbdwecv87pi65oeuq5iu\gradle-8.7\lib\agents\gradle-instrumentation-agent-8.7.jar org.gradle.launcher.daemon.bootstrap.GradleDaemon 8.7

Host: Intel(R) Core(TM) i5-10210U CPU @ 1.60GHz, 8 cores, 7G,  Windows 10 , 64 bit Build 19041 (10.0.19041.3636)
Time: Sat Jun 22 21:38:33 2024 India Standard Time elapsed time: 9.904989 seconds (0d 0h 0m 9s)

---------------  T H R E A D  ---------------

Current thread (0x000002d31e387730):  JavaThread "C2 CompilerThread0" daemon [_thread_in_native, id=14572, stack(0x000000d468e00000,0x000000d468f00000)]


Current CompileTask:
C2:   9905 3915       4       org.objectweb.asm.Frame::execute (2318 bytes)

Stack: [0x000000d468e00000,0x000000d468f00000]
Native frames: (J=compiled Java code, j=interpreted, Vv=VM code, C=native code)
V  [jvm.dll+0x688de9]
V  [jvm.dll+0x8423da]
V  [jvm.dll+0x84401e]
V  [jvm.dll+0x844683]
V  [jvm.dll+0x24be0f]
V  [jvm.dll+0xac524]
V  [jvm.dll+0xacb6c]
V  [jvm.dll+0x2b342f]
V  [jvm.dll+0x5902b7]
V  [jvm.dll+0x226452]
V  [jvm.dll+0x22683f]
V  [jvm.dll+0x21f966]
V  [jvm.dll+0x21cdb1]
V  [jvm.dll+0x1a60ad]
V  [jvm.dll+0x22cd78]
V  [jvm.dll+0x22aeb0]
V  [jvm.dll+0x7f6877]
V  [jvm.dll+0x7f0c7a]
V  [jvm.dll+0x687c65]
C  [ucrtbase.dll+0x21bb2]
C  [KERNEL32.DLL+0x17344]
C  [ntdll.dll+0x4cc91]


---------------  P R O C E S S  ---------------

Threads class SMR info:
_java_thread_list=0x000002d3249c0a10, length=32, elements={
0x000002d3043a3a90, 0x000002d31e2180e0, 0x000002d31e218f60, 0x000002d31e384c50,
0x000002d31e385610, 0x000002d31e385fd0, 0x000002d31e386990, 0x000002d31e387730,
0x000002d31e3a6350, 0x000002d31e3a8d60, 0x000002d31e469380, 0x000002d31e6bec00,
0x000002d3250b3b20, 0x000002d323b67970, 0x000002d324ff1ed0, 0x000002d323b8f920,
0x000002d325a35880, 0x000002d32478cdf0, 0x000002d32478af90, 0x000002d32478d810,
0x000002d32478a570, 0x000002d32478b4a0, 0x000002d32478aa80, 0x000002d32478d300,
0x000002d32478a060, 0x000002d32478b9b0, 0x000002d32478bec0, 0x000002d32478c3d0,
0x000002d324d20840, 0x000002d324d1eef0, 0x000002d324d1f400, 0x000002d324d1b740
}

Java Threads: ( => current thread )
  0x000002d3043a3a90 JavaThread "main" [_thread_blocked, id=11284, stack(0x000000d468100000,0x000000d468200000)]
  0x000002d31e2180e0 JavaThread "Reference Handler" daemon [_thread_blocked, id=33292, stack(0x000000d468800000,0x000000d468900000)]
  0x000002d31e218f60 JavaThread "Finalizer" daemon [_thread_blocked, id=20048, stack(0x000000d468900000,0x000000d468a00000)]
  0x000002d31e384c50 JavaThread "Signal Dispatcher" daemon [_thread_blocked, id=7936, stack(0x000000d468a00000,0x000000d468b00000)]
  0x000002d31e385610 JavaThread "Attach Listener" daemon [_thread_blocked, id=10028, stack(0x000000d468b00000,0x000000d468c00000)]
  0x000002d31e385fd0 JavaThread "Service Thread" daemon [_thread_blocked, id=36436, stack(0x000000d468c00000,0x000000d468d00000)]
  0x000002d31e386990 JavaThread "Monitor Deflation Thread" daemon [_thread_blocked, id=34436, stack(0x000000d468d00000,0x000000d468e00000)]
=>0x000002d31e387730 JavaThread "C2 CompilerThread0" daemon [_thread_in_native, id=14572, stack(0x000000d468e00000,0x000000d468f00000)]
  0x000002d31e3a6350 JavaThread "C1 CompilerThread0" daemon [_thread_blocked, id=26544, stack(0x000000d468f00000,0x000000d469000000)]
  0x000002d31e3a8d60 JavaThread "Sweeper thread" daemon [_thread_blocked, id=15256, stack(0x000000d469000000,0x000000d469100000)]
  0x000002d31e469380 JavaThread "Common-Cleaner" daemon [_thread_blocked, id=16072, stack(0x000000d469100000,0x000000d469200000)]
  0x000002d31e6bec00 JavaThread "Notification Thread" daemon [_thread_blocked, id=1092, stack(0x000000d469200000,0x000000d469300000)]
  0x000002d3250b3b20 JavaThread "Daemon health stats" [_thread_blocked, id=1516, stack(0x000000d469900000,0x000000d469a00000)]
  0x000002d323b67970 JavaThread "Incoming local TCP Connector on port 56901" [_thread_in_native, id=39040, stack(0x000000d469800000,0x000000d469900000)]
  0x000002d324ff1ed0 JavaThread "Daemon periodic checks" [_thread_blocked, id=9040, stack(0x000000d469a00000,0x000000d469b00000)]
  0x000002d323b8f920 JavaThread "Daemon" [_thread_blocked, id=16296, stack(0x000000d469b00000,0x000000d469c00000)]
  0x000002d325a35880 JavaThread "Handler for socket connection from /127.0.0.1:56901 to /127.0.0.1:56902" [_thread_in_native, id=3720, stack(0x000000d469c00000,0x000000d469d00000)]
  0x000002d32478cdf0 JavaThread "Cancel handler" [_thread_blocked, id=17012, stack(0x000000d469d00000,0x000000d469e00000)]
  0x000002d32478af90 JavaThread "Daemon worker" [_thread_in_vm, id=32720, stack(0x000000d469e00000,0x000000d469f00000)]
  0x000002d32478d810 JavaThread "Asynchronous log dispatcher for DefaultDaemonConnection: socket connection from /127.0.0.1:56901 to /127.0.0.1:56902" [_thread_blocked, id=28136, stack(0x000000d469f00000,0x000000d46a000000)]
  0x000002d32478a570 JavaThread "Stdin handler" [_thread_blocked, id=8748, stack(0x000000d46a000000,0x000000d46a100000)]
  0x000002d32478b4a0 JavaThread "Daemon client event forwarder" [_thread_blocked, id=39452, stack(0x000000d46a100000,0x000000d46a200000)]
  0x000002d32478aa80 JavaThread "Cache worker for journal cache (C:\Users\tanis\.gradle\caches\journal-1)" [_thread_blocked, id=7912, stack(0x000000d46a600000,0x000000d46a700000)]
  0x000002d32478d300 JavaThread "File lock request listener" [_thread_in_native, id=26952, stack(0x000000d46a700000,0x000000d46a800000)]
  0x000002d32478a060 JavaThread "Cache worker for file hash cache (C:\Users\tanis\.gradle\caches\8.7\fileHashes)" [_thread_blocked, id=40816, stack(0x000000d46a800000,0x000000d46a900000)]
  0x000002d32478b9b0 JavaThread "Cache worker for file hash cache (D:\Coding\AndroidProjects\RentalApp\.gradle\8.7\fileHashes)" [_thread_blocked, id=28584, stack(0x000000d46a900000,0x000000d46aa00000)]
  0x000002d32478bec0 JavaThread "File watcher server" daemon [_thread_in_native, id=35260, stack(0x000000d46aa00000,0x000000d46ab00000)]
  0x000002d32478c3d0 JavaThread "File watcher consumer" daemon [_thread_blocked, id=24804, stack(0x000000d46ab00000,0x000000d46ac00000)]
  0x000002d324d20840 JavaThread "Cache worker for checksums cache (D:\Coding\AndroidProjects\RentalApp\.gradle\8.7\checksums)" [_thread_blocked, id=40468, stack(0x000000d46ac00000,0x000000d46ad00000)]
  0x000002d324d1eef0 JavaThread "Cache worker for cache directory md-supplier (C:\Users\tanis\.gradle\caches\8.7\md-supplier)" [_thread_blocked, id=23680, stack(0x000000d46ad00000,0x000000d46ae00000)]
  0x000002d324d1f400 JavaThread "Cache worker for cache directory md-rule (C:\Users\tanis\.gradle\caches\8.7\md-rule)" [_thread_blocked, id=39132, stack(0x000000d46ae00000,0x000000d46af00000)]
  0x000002d324d1b740 JavaThread "Cache worker for file content cache (C:\Users\tanis\.gradle\caches\8.7\fileContent)" [_thread_blocked, id=28512, stack(0x000000d46af00000,0x000000d46b000000)]

Other Threads:
  0x000002d31e210af0 VMThread "VM Thread" [stack: 0x000000d468700000,0x000000d468800000] [id=26672]
  0x000002d31e64f490 WatcherThread [stack: 0x000000d469300000,0x000000d469400000] [id=39780]
  0x000002d30232e830 GCTaskThread "GC Thread#0" [stack: 0x000000d468200000,0x000000d468300000] [id=33860]
  0x000002d323c585a0 GCTaskThread "GC Thread#1" [stack: 0x000000d469400000,0x000000d469500000] [id=29792]
  0x000002d323c3e620 GCTaskThread "GC Thread#2" [stack: 0x000000d469500000,0x000000d469600000] [id=19520]
  0x000002d31e74eba0 GCTaskThread "GC Thread#3" [stack: 0x000000d469600000,0x000000d469700000] [id=33412]
  0x000002d323d5b0a0 GCTaskThread "GC Thread#4" [stack: 0x000000d469700000,0x000000d469800000] [id=1776]
  0x000002d324ff23b0 GCTaskThread "GC Thread#5" [stack: 0x000000d46a200000,0x000000d46a300000] [id=10444]
  0x000002d324aa71e0 GCTaskThread "GC Thread#6" [stack: 0x000000d46a300000,0x000000d46a400000] [id=31536]
  0x000002d324ff0b50 GCTaskThread "GC Thread#7" [stack: 0x000000d46a400000,0x000000d46a500000] [id=23312]
  0x000002d304408de0 ConcurrentGCThread "G1 Main Marker" [stack: 0x000000d468300000,0x000000d468400000] [id=10596]
  0x000002d30440bed0 ConcurrentGCThread "G1 Conc#0" [stack: 0x000000d468400000,0x000000d468500000] [id=31528]
  0x000002d325150050 ConcurrentGCThread "G1 Conc#1" [stack: 0x000000d46a500000,0x000000d46a600000] [id=38968]
  0x000002d30444e1f0 ConcurrentGCThread "G1 Refine#0" [stack: 0x000000d468500000,0x000000d468600000] [id=38572]
  0x000002d30444ec20 ConcurrentGCThread "G1 Service" [stack: 0x000000d468600000,0x000000d468700000] [id=35984]

Threads with active compile tasks:
C2 CompilerThread0     9940 3915       4       org.objectweb.asm.Frame::execute (2318 bytes)

VM state: not at safepoint (normal execution)

VM Mutex/Monitor currently owned by a thread: None

Heap address: 0x0000000080000000, size: 2048 MB, Compressed Oops mode: 32-bit

CDS archive(s) not mapped
Compressed class space mapped at: 0x0000000100000000-0x0000000140000000, reserved size: 1073741824
Narrow klass base: 0x0000000000000000, Narrow klass shift: 3, Narrow klass range: 0x140000000

GC Precious Log:
 CPUs: 8 total, 8 available
 Memory: 8022M
 Large Page Support: Disabled
 NUMA Support: Disabled
 Compressed Oops: Enabled (32-bit)
 Heap Region Size: 1M
 Heap Min Capacity: 8M
 Heap Initial Capacity: 126M
 Heap Max Capacity: 2G
 Pre-touch: Disabled
 Parallel Workers: 8
 Concurrent Workers: 2
 Concurrent Refinement Workers: 8
 Periodic GC: Disabled

Heap:
 garbage-first heap   total 71680K, used 49081K [0x0000000080000000, 0x0000000100000000)
  region size 1024K, 22 young (22528K), 2 survivors (2048K)
 Metaspace       used 45055K, committed 45504K, reserved 1114112K
  class space    used 6080K, committed 6272K, reserved 1048576K

Heap Regions: E=young(eden), S=young(survivor), O=old, HS=humongous(starts), HC=humongous(continues), CS=collection set, F=free, OA=open archive, CA=closed archive, TAMS=top-at-mark-start (previous, next)
|   0|0x0000000080000000, 0x0000000080100000, 0x0000000080100000|100%|HS|  |TAMS 0x0000000080100000, 0x0000000080000000| Complete 
|   1|0x0000000080100000, 0x0000000080200000, 0x0000000080200000|100%|HC|  |TAMS 0x0000000080200000, 0x0000000080100000| Complete 
|   2|0x0000000080200000, 0x0000000080300000, 0x0000000080300000|100%|HC|  |TAMS 0x0000000080300000, 0x0000000080200000| Complete 
|   3|0x0000000080300000, 0x0000000080400000, 0x0000000080400000|100%|HC|  |TAMS 0x0000000080400000, 0x0000000080300000| Complete 
|   4|0x0000000080400000, 0x0000000080500000, 0x0000000080500000|100%| O|  |TAMS 0x0000000080500000, 0x0000000080400000| Untracked 
|   5|0x0000000080500000, 0x0000000080600000, 0x0000000080600000|100%| O|  |TAMS 0x0000000080600000, 0x0000000080500000| Untracked 
|   6|0x0000000080600000, 0x0000000080700000, 0x0000000080700000|100%| O|  |TAMS 0x0000000080700000, 0x0000000080600000| Untracked 
|   7|0x0000000080700000, 0x0000000080800000, 0x0000000080800000|100%| O|  |TAMS 0x0000000080800000, 0x0000000080700000| Untracked 
|   8|0x0000000080800000, 0x0000000080900000, 0x0000000080900000|100%| O|  |TAMS 0x0000000080900000, 0x0000000080800000| Untracked 
|   9|0x0000000080900000, 0x0000000080a00000, 0x0000000080a00000|100%| O|  |TAMS 0x0000000080a00000, 0x0000000080900000| Untracked 
|  10|0x0000000080a00000, 0x0000000080b00000, 0x0000000080b00000|100%| O|  |TAMS 0x0000000080a00000, 0x0000000080a00000| Untracked 
|  11|0x0000000080b00000, 0x0000000080c00000, 0x0000000080c00000|100%| O|  |TAMS 0x0000000080c00000, 0x0000000080b00000| Untracked 
|  12|0x0000000080c00000, 0x0000000080d00000, 0x0000000080d00000|100%| O|  |TAMS 0x0000000080d00000, 0x0000000080c00000| Untracked 
|  13|0x0000000080d00000, 0x0000000080e00000, 0x0000000080e00000|100%| O|  |TAMS 0x0000000080e00000, 0x0000000080d00000| Untracked 
|  14|0x0000000080e00000, 0x0000000080f00000, 0x0000000080f00000|100%| O|  |TAMS 0x0000000080f00000, 0x0000000080e00000| Untracked 
|  15|0x0000000080f00000, 0x0000000081000000, 0x0000000081000000|100%| O|  |TAMS 0x0000000081000000, 0x0000000080f00000| Untracked 
|  16|0x0000000081000000, 0x0000000081100000, 0x0000000081100000|100%| O|  |TAMS 0x0000000081100000, 0x0000000081000000| Untracked 
|  17|0x0000000081100000, 0x0000000081200000, 0x0000000081200000|100%| O|  |TAMS 0x0000000081200000, 0x0000000081100000| Untracked 
|  18|0x0000000081200000, 0x0000000081300000, 0x0000000081300000|100%| O|  |TAMS 0x0000000081300000, 0x0000000081200000| Untracked 
|  19|0x0000000081300000, 0x0000000081400000, 0x0000000081400000|100%| O|  |TAMS 0x0000000081400000, 0x0000000081300000| Untracked 
|  20|0x0000000081400000, 0x0000000081400000, 0x0000000081500000|  0%| F|  |TAMS 0x0000000081400000, 0x0000000081400000| Untracked 
|  21|0x0000000081500000, 0x0000000081600000, 0x0000000081600000|100%| O|  |TAMS 0x0000000081500000, 0x0000000081500000| Untracked 
|  22|0x0000000081600000, 0x0000000081700000, 0x0000000081700000|100%| O|  |TAMS 0x0000000081600000, 0x0000000081600000| Untracked 
|  23|0x0000000081700000, 0x0000000081800000, 0x0000000081800000|100%| O|  |TAMS 0x0000000081700000, 0x0000000081700000| Untracked 
|  24|0x0000000081800000, 0x0000000081900000, 0x0000000081900000|100%| O|  |TAMS 0x0000000081800000, 0x0000000081800000| Untracked 
|  25|0x0000000081900000, 0x0000000081a00000, 0x0000000081a00000|100%| O|  |TAMS 0x0000000081900000, 0x0000000081900000| Untracked 
|  26|0x0000000081a00000, 0x0000000081b00000, 0x0000000081b00000|100%| O|  |TAMS 0x0000000081a00000, 0x0000000081a00000| Untracked 
|  27|0x0000000081b00000, 0x0000000081c00000, 0x0000000081c00000|100%| O|  |TAMS 0x0000000081b00000, 0x0000000081b00000| Untracked 
|  28|0x0000000081c00000, 0x0000000081c36000, 0x0000000081d00000| 21%| O|  |TAMS 0x0000000081c00000, 0x0000000081c00000| Untracked 
|  29|0x0000000081d00000, 0x0000000081d00000, 0x0000000081e00000|  0%| F|  |TAMS 0x0000000081d00000, 0x0000000081d00000| Untracked 
|  30|0x0000000081e00000, 0x0000000081e00000, 0x0000000081f00000|  0%| F|  |TAMS 0x0000000081e00000, 0x0000000081e00000| Untracked 
|  31|0x0000000081f00000, 0x0000000081f00000, 0x0000000082000000|  0%| F|  |TAMS 0x0000000081f00000, 0x0000000081f00000| Untracked 
|  32|0x0000000082000000, 0x0000000082000000, 0x0000000082100000|  0%| F|  |TAMS 0x0000000082000000, 0x0000000082000000| Untracked 
|  33|0x0000000082100000, 0x0000000082100000, 0x0000000082200000|  0%| F|  |TAMS 0x0000000082100000, 0x0000000082100000| Untracked 
|  34|0x0000000082200000, 0x0000000082200000, 0x0000000082300000|  0%| F|  |TAMS 0x0000000082200000, 0x0000000082200000| Untracked 
|  35|0x0000000082300000, 0x0000000082300000, 0x0000000082400000|  0%| F|  |TAMS 0x0000000082300000, 0x0000000082300000| Untracked 
|  36|0x0000000082400000, 0x0000000082400000, 0x0000000082500000|  0%| F|  |TAMS 0x0000000082400000, 0x0000000082400000| Untracked 
|  37|0x0000000082500000, 0x0000000082500000, 0x0000000082600000|  0%| F|  |TAMS 0x0000000082500000, 0x0000000082500000| Untracked 
|  38|0x0000000082600000, 0x0000000082600000, 0x0000000082700000|  0%| F|  |TAMS 0x0000000082600000, 0x0000000082600000| Untracked 
|  39|0x0000000082700000, 0x0000000082700000, 0x0000000082800000|  0%| F|  |TAMS 0x0000000082700000, 0x0000000082700000| Untracked 
|  40|0x0000000082800000, 0x0000000082800000, 0x0000000082900000|  0%| F|  |TAMS 0x0000000082800000, 0x0000000082800000| Untracked 
|  41|0x0000000082900000, 0x00000000829b84a0, 0x0000000082a00000| 71%| S|CS|TAMS 0x0000000082900000, 0x0000000082900000| Complete 
|  42|0x0000000082a00000, 0x0000000082b00000, 0x0000000082b00000|100%| S|CS|TAMS 0x0000000082a00000, 0x0000000082a00000| Complete 
|  43|0x0000000082b00000, 0x0000000082b00000, 0x0000000082c00000|  0%| F|  |TAMS 0x0000000082b00000, 0x0000000082b00000| Untracked 
|  44|0x0000000082c00000, 0x0000000082c00000, 0x0000000082d00000|  0%| F|  |TAMS 0x0000000082c00000, 0x0000000082c00000| Untracked 
|  45|0x0000000082d00000, 0x0000000082d00000, 0x0000000082e00000|  0%| F|  |TAMS 0x0000000082d00000, 0x0000000082d00000| Untracked 
|  46|0x0000000082e00000, 0x0000000082e00000, 0x0000000082f00000|  0%| F|  |TAMS 0x0000000082e00000, 0x0000000082e00000| Untracked 
|  47|0x0000000082f00000, 0x0000000082f00000, 0x0000000083000000|  0%| F|  |TAMS 0x0000000082f00000, 0x0000000082f00000| Untracked 
|  48|0x0000000083000000, 0x0000000083000000, 0x0000000083100000|  0%| F|  |TAMS 0x0000000083000000, 0x0000000083000000| Untracked 
|  49|0x0000000083100000, 0x0000000083100000, 0x0000000083200000|  0%| F|  |TAMS 0x0000000083100000, 0x0000000083100000| Untracked 
|  50|0x0000000083200000, 0x00000000832794b0, 0x0000000083300000| 47%| E|  |TAMS 0x0000000083200000, 0x0000000083200000| Complete 
|  51|0x0000000083300000, 0x0000000083400000, 0x0000000083400000|100%| E|CS|TAMS 0x0000000083300000, 0x0000000083300000| Complete 
|  52|0x0000000083400000, 0x0000000083500000, 0x0000000083500000|100%| E|CS|TAMS 0x0000000083400000, 0x0000000083400000| Complete 
|  53|0x0000000083500000, 0x0000000083600000, 0x0000000083600000|100%| E|CS|TAMS 0x0000000083500000, 0x0000000083500000| Complete 
|  54|0x0000000083600000, 0x0000000083700000, 0x0000000083700000|100%| E|CS|TAMS 0x0000000083600000, 0x0000000083600000| Complete 
|  55|0x0000000083700000, 0x0000000083800000, 0x0000000083800000|100%| E|CS|TAMS 0x0000000083700000, 0x0000000083700000| Complete 
|  56|0x0000000083800000, 0x0000000083900000, 0x0000000083900000|100%| E|CS|TAMS 0x0000000083800000, 0x0000000083800000| Complete 
|  57|0x0000000083900000, 0x0000000083a00000, 0x0000000083a00000|100%| E|CS|TAMS 0x0000000083900000, 0x0000000083900000| Complete 
|  58|0x0000000083a00000, 0x0000000083b00000, 0x0000000083b00000|100%| E|CS|TAMS 0x0000000083a00000, 0x0000000083a00000| Complete 
|  59|0x0000000083b00000, 0x0000000083c00000, 0x0000000083c00000|100%| E|CS|TAMS 0x0000000083b00000, 0x0000000083b00000| Complete 
|  68|0x0000000084400000, 0x0000000084500000, 0x0000000084500000|100%| E|CS|TAMS 0x0000000084400000, 0x0000000084400000| Complete 
|  69|0x0000000084500000, 0x0000000084600000, 0x0000000084600000|100%| E|CS|TAMS 0x0000000084500000, 0x0000000084500000| Complete 
|  70|0x0000000084600000, 0x0000000084700000, 0x0000000084700000|100%| E|CS|TAMS 0x0000000084600000, 0x0000000084600000| Complete 
|  71|0x0000000084700000, 0x0000000084800000, 0x0000000084800000|100%| E|CS|TAMS 0x0000000084700000, 0x0000000084700000| Complete 
|  72|0x0000000084800000, 0x0000000084900000, 0x0000000084900000|100%| E|CS|TAMS 0x0000000084800000, 0x0000000084800000| Complete 
|  73|0x0000000084900000, 0x0000000084a00000, 0x0000000084a00000|100%| E|CS|TAMS 0x0000000084900000, 0x0000000084900000| Complete 
|  74|0x0000000084a00000, 0x0000000084b00000, 0x0000000084b00000|100%| E|CS|TAMS 0x0000000084a00000, 0x0000000084a00000| Complete 
|  75|0x0000000084b00000, 0x0000000084c00000, 0x0000000084c00000|100%| E|CS|TAMS 0x0000000084b00000, 0x0000000084b00000| Complete 
|  76|0x0000000084c00000, 0x0000000084d00000, 0x0000000084d00000|100%| E|CS|TAMS 0x0000000084c00000, 0x0000000084c00000| Complete 
| 125|0x0000000087d00000, 0x0000000087e00000, 0x0000000087e00000|100%| E|CS|TAMS 0x0000000087d00000, 0x0000000087d00000| Complete 

Card table byte_map: [0x000002d316fa0000,0x000002d3173a0000] _byte_map_base: 0x000002d316ba0000

Marking Bits (Prev, Next): (CMBitMap*) 0x000002d3043f84b0, (CMBitMap*) 0x000002d3043f84f0
 Prev Bits: [0x000002d3177a0000, 0x000002d3197a0000)
 Next Bits: [0x000002d3197a0000, 0x000002d31b7a0000)

Polling page: 0x000002d303b50000

Metaspace:

Usage:
  Non-class:     38.08 MB used.
      Class:      5.94 MB used.
       Both:     44.02 MB used.

Virtual space:
  Non-class space:       64.00 MB reserved,      38.31 MB ( 60%) committed,  1 nodes.
      Class space:        1.00 GB reserved,       6.12 MB ( <1%) committed,  1 nodes.
             Both:        1.06 GB reserved,      44.44 MB (  4%) committed. 

Chunk freelists:
   Non-Class:  9.39 MB
       Class:  9.92 MB
        Both:  19.31 MB

MaxMetaspaceSize: unlimited
CompressedClassSpaceSize: 1.00 GB
Initial GC threshold: 21.00 MB
Current GC threshold: 59.06 MB
CDS: off
MetaspaceReclaimPolicy: balanced
 - commit_granule_bytes: 65536.
 - commit_granule_words: 8192.
 - virtual_space_node_default_size: 8388608.
 - enlarge_chunks_in_place: 1.
 - new_chunks_are_fully_committed: 0.
 - uncommit_free_chunks: 1.
 - use_allocation_guard: 0.
 - handle_deallocations: 1.


Internal statistics:

num_allocs_failed_limit: 6.
num_arena_births: 450.
num_arena_deaths: 0.
num_vsnodes_births: 2.
num_vsnodes_deaths: 0.
num_space_committed: 711.
num_space_uncommitted: 0.
num_chunks_returned_to_freelist: 6.
num_chunks_taken_from_freelist: 1808.
num_chunk_merges: 6.
num_chunk_splits: 1190.
num_chunks_enlarged: 813.
num_inconsistent_stats: 0.

CodeHeap 'non-profiled nmethods': size=120000Kb used=2037Kb max_used=2037Kb free=117962Kb
 bounds [0x000002d30f340000, 0x000002d30f5b0000, 0x000002d316870000]
CodeHeap 'profiled nmethods': size=120000Kb used=8061Kb max_used=8061Kb free=111938Kb
 bounds [0x000002d307870000, 0x000002d308050000, 0x000002d30eda0000]
CodeHeap 'non-nmethods': size=5760Kb used=1596Kb max_used=1662Kb free=4163Kb
 bounds [0x000002d30eda0000, 0x000002d30f010000, 0x000002d30f340000]
 total_blobs=4599 nmethods=3936 adapters=575
 compilation: enabled
              stopped_count=0, restarted_count=0
 full_count=0

Compilation events (20 events):
Event: 9.869 Thread 0x000002d31e3a6350 3954       3       org.gradle.model.internal.asm.MethodVisitorScope::_INVOKESPECIAL (13 bytes)
Event: 9.869 Thread 0x000002d31e3a6350 nmethod 3954 0x000002d30804bf10 code [0x000002d30804c0c0, 0x000002d30804c358]
Event: 9.869 Thread 0x000002d31e3a6350 3955       3       org.gradle.internal.instantiation.generator.AbstractClassGenerator$MethodMetadata::getName (8 bytes)
Event: 9.869 Thread 0x000002d31e3a6350 nmethod 3955 0x000002d30804c490 code [0x000002d30804c620, 0x000002d30804c758]
Event: 9.870 Thread 0x000002d31e3a6350 3957       3       org.gradle.internal.instantiation.generator.AsmBackedClassGenerator::access$9300 (4 bytes)
Event: 9.870 Thread 0x000002d31e3a6350 nmethod 3957 0x000002d30804c810 code [0x000002d30804c9a0, 0x000002d30804ca98]
Event: 9.886 Thread 0x000002d31e3a6350 3958       3       java.lang.System$2::getConstantPool (5 bytes)
Event: 9.886 Thread 0x000002d31e3a6350 nmethod 3958 0x000002d30804cb10 code [0x000002d30804ccc0, 0x000002d30804ce08]
Event: 9.886 Thread 0x000002d31e3a6350 3959       3       org.gradle.model.internal.asm.MethodVisitorScope::_RETURN (8 bytes)
Event: 9.886 Thread 0x000002d31e3a6350 nmethod 3959 0x000002d30804cf10 code [0x000002d30804d0c0, 0x000002d30804d328]
Event: 9.886 Thread 0x000002d31e3a6350 3960       3       org.objectweb.asm.SymbolTable::hash (7 bytes)
Event: 9.886 Thread 0x000002d31e3a6350 nmethod 3960 0x000002d30804d410 code [0x000002d30804d5a0, 0x000002d30804d698]
Event: 9.893 Thread 0x000002d31e3a6350 3961       3       com.google.common.collect.Iterators$9::hasNext (13 bytes)
Event: 9.893 Thread 0x000002d31e3a6350 nmethod 3961 0x000002d30804d710 code [0x000002d30804d8a0, 0x000002d30804da18]
Event: 9.894 Thread 0x000002d31e3a6350 3962       1       com.google.common.cache.LocalCache$2::poll (2 bytes)
Event: 9.894 Thread 0x000002d31e3a6350 nmethod 3962 0x000002d30f53d290 code [0x000002d30f53d420, 0x000002d30f53d4f8]
Event: 9.894 Thread 0x000002d31e3a6350 3963       3       java.lang.Integer::highestOneBit (10 bytes)
Event: 9.894 Thread 0x000002d31e3a6350 nmethod 3963 0x000002d30804da90 code [0x000002d30804dc20, 0x000002d30804dd48]
Event: 9.896 Thread 0x000002d31e3a6350 3964       3       java.util.concurrent.locks.ReentrantLock::isHeldByCurrentThread (8 bytes)
Event: 9.896 Thread 0x000002d31e3a6350 nmethod 3964 0x000002d30804de10 code [0x000002d30804dfc0, 0x000002d30804e1d8]

GC Heap History (20 events):
Event: 3.579 GC heap before
{Heap before GC invocations=1 (full 0):
 garbage-first heap   total 129024K, used 39407K [0x0000000080000000, 0x0000000100000000)
  region size 1024K, 31 young (31744K), 3 survivors (3072K)
 Metaspace       used 11456K, committed 11648K, reserved 1114112K
  class space    used 1195K, committed 1280K, reserved 1048576K
}
Event: 3.584 GC heap after
{Heap after GC invocations=2 (full 0):
 garbage-first heap   total 129024K, used 11128K [0x0000000080000000, 0x0000000100000000)
  region size 1024K, 1 young (1024K), 1 survivors (1024K)
 Metaspace       used 11456K, committed 11648K, reserved 1114112K
  class space    used 1195K, committed 1280K, reserved 1048576K
}
Event: 5.124 GC heap before
{Heap before GC invocations=2 (full 0):
 garbage-first heap   total 129024K, used 60280K [0x0000000080000000, 0x0000000100000000)
  region size 1024K, 49 young (50176K), 1 survivors (1024K)
 Metaspace       used 21262K, committed 21504K, reserved 1114112K
  class space    used 2498K, committed 2624K, reserved 1048576K
}
Event: 5.132 GC heap after
{Heap after GC invocations=3 (full 0):
 garbage-first heap   total 129024K, used 18918K [0x0000000080000000, 0x0000000100000000)
  region size 1024K, 9 young (9216K), 9 survivors (9216K)
 Metaspace       used 21262K, committed 21504K, reserved 1114112K
  class space    used 2498K, committed 2624K, reserved 1048576K
}
Event: 6.059 GC heap before
{Heap before GC invocations=4 (full 0):
 garbage-first heap   total 71680K, used 52710K [0x0000000080000000, 0x0000000100000000)
  region size 1024K, 42 young (43008K), 9 survivors (9216K)
 Metaspace       used 26503K, committed 26816K, reserved 1114112K
  class space    used 3390K, committed 3520K, reserved 1048576K
}
Event: 6.067 GC heap after
{Heap after GC invocations=5 (full 0):
 garbage-first heap   total 71680K, used 20538K [0x0000000080000000, 0x0000000100000000)
  region size 1024K, 2 young (2048K), 2 survivors (2048K)
 Metaspace       used 26503K, committed 26816K, reserved 1114112K
  class space    used 3390K, committed 3520K, reserved 1048576K
}
Event: 6.098 GC heap before
{Heap before GC invocations=5 (full 0):
 garbage-first heap   total 71680K, used 21562K [0x0000000080000000, 0x0000000100000000)
  region size 1024K, 3 young (3072K), 2 survivors (2048K)
 Metaspace       used 26718K, committed 26944K, reserved 1114112K
  class space    used 3423K, committed 3520K, reserved 1048576K
}
Event: 6.100 GC heap after
{Heap after GC invocations=6 (full 0):
 garbage-first heap   total 71680K, used 20584K [0x0000000080000000, 0x0000000100000000)
  region size 1024K, 1 young (1024K), 1 survivors (1024K)
 Metaspace       used 26718K, committed 26944K, reserved 1114112K
  class space    used 3423K, committed 3520K, reserved 1048576K
}
Event: 6.898 GC heap before
{Heap before GC invocations=6 (full 0):
 garbage-first heap   total 71680K, used 51304K [0x0000000080000000, 0x0000000100000000)
  region size 1024K, 31 young (31744K), 1 survivors (1024K)
 Metaspace       used 30795K, committed 31104K, reserved 1114112K
  class space    used 4117K, committed 4288K, reserved 1048576K
}
Event: 6.900 GC heap after
{Heap after GC invocations=7 (full 0):
 garbage-first heap   total 71680K, used 22142K [0x0000000080000000, 0x0000000100000000)
  region size 1024K, 2 young (2048K), 2 survivors (2048K)
 Metaspace       used 30795K, committed 31104K, reserved 1114112K
  class space    used 4117K, committed 4288K, reserved 1048576K
}
Event: 7.586 GC heap before
{Heap before GC invocations=7 (full 0):
 garbage-first heap   total 71680K, used 52862K [0x0000000080000000, 0x0000000100000000)
  region size 1024K, 32 young (32768K), 2 survivors (2048K)
 Metaspace       used 34573K, committed 34880K, reserved 1114112K
  class space    used 4720K, committed 4864K, reserved 1048576K
}
Event: 7.590 GC heap after
{Heap after GC invocations=8 (full 0):
 garbage-first heap   total 71680K, used 23437K [0x0000000080000000, 0x0000000100000000)
  region size 1024K, 4 young (4096K), 4 survivors (4096K)
 Metaspace       used 34573K, committed 34880K, reserved 1114112K
  class space    used 4720K, committed 4864K, reserved 1048576K
}
Event: 7.698 GC heap before
{Heap before GC invocations=8 (full 0):
 garbage-first heap   total 71680K, used 29581K [0x0000000080000000, 0x0000000100000000)
  region size 1024K, 11 young (11264K), 4 survivors (4096K)
 Metaspace       used 35791K, committed 36096K, reserved 1114112K
  class space    used 4885K, committed 5056K, reserved 1048576K
}
Event: 7.701 GC heap after
{Heap after GC invocations=9 (full 0):
 garbage-first heap   total 71680K, used 23683K [0x0000000080000000, 0x0000000100000000)
  region size 1024K, 2 young (2048K), 2 survivors (2048K)
 Metaspace       used 35791K, committed 36096K, reserved 1114112K
  class space    used 4885K, committed 5056K, reserved 1048576K
}
Event: 8.295 GC heap before
{Heap before GC invocations=10 (full 0):
 garbage-first heap   total 71680K, used 54403K [0x0000000080000000, 0x0000000100000000)
  region size 1024K, 33 young (33792K), 2 survivors (2048K)
 Metaspace       used 41294K, committed 41664K, reserved 1114112K
  class space    used 5472K, committed 5632K, reserved 1048576K
}
Event: 8.300 GC heap after
{Heap after GC invocations=11 (full 0):
 garbage-first heap   total 71680K, used 28120K [0x0000000080000000, 0x0000000100000000)
  region size 1024K, 5 young (5120K), 5 survivors (5120K)
 Metaspace       used 41294K, committed 41664K, reserved 1114112K
  class space    used 5472K, committed 5632K, reserved 1048576K
}
Event: 8.307 GC heap before
{Heap before GC invocations=11 (full 0):
 garbage-first heap   total 71680K, used 29144K [0x0000000080000000, 0x0000000100000000)
  region size 1024K, 6 young (6144K), 5 survivors (5120K)
 Metaspace       used 41294K, committed 41664K, reserved 1114112K
  class space    used 5472K, committed 5632K, reserved 1048576K
}
Event: 8.312 GC heap after
{Heap after GC invocations=12 (full 0):
 garbage-first heap   total 71680K, used 28581K [0x0000000080000000, 0x0000000100000000)
  region size 1024K, 1 young (1024K), 1 survivors (1024K)
 Metaspace       used 41294K, committed 41664K, reserved 1114112K
  class space    used 5472K, committed 5632K, reserved 1048576K
}
Event: 8.905 GC heap before
{Heap before GC invocations=12 (full 0):
 garbage-first heap   total 71680K, used 54181K [0x0000000080000000, 0x0000000100000000)
  region size 1024K, 27 young (27648K), 1 survivors (1024K)
 Metaspace       used 42438K, committed 42816K, reserved 1114112K
  class space    used 5652K, committed 5824K, reserved 1048576K
}
Event: 8.907 GC heap after
{Heap after GC invocations=13 (full 0):
 garbage-first heap   total 71680K, used 29625K [0x0000000080000000, 0x0000000100000000)
  region size 1024K, 2 young (2048K), 2 survivors (2048K)
 Metaspace       used 42438K, committed 42816K, reserved 1114112K
  class space    used 5652K, committed 5824K, reserved 1048576K
}

Dll operation events (3 events):
Event: 0.072 Loaded shared library D:\Android\Android Studio\jbr\bin\java.dll
Event: 0.456 Loaded shared library D:\Android\Android Studio\jbr\bin\zip.dll
Event: 1.412 Loaded shared library D:\Android\Android Studio\jbr\bin\verify.dll

Deoptimization events (20 events):
Event: 8.510 Thread 0x000002d32478af90 DEOPT PACKING pc=0x000002d30f460a54 sp=0x000000d469ef9d10
Event: 8.510 Thread 0x000002d32478af90 DEOPT UNPACKING pc=0x000002d30edf69a3 sp=0x000000d469ef9cc8 mode 2
Event: 8.897 Thread 0x000002d32478af90 DEOPT PACKING pc=0x000002d307c1ba08 sp=0x000000d469ef96f0
Event: 8.897 Thread 0x000002d32478af90 DEOPT UNPACKING pc=0x000002d30edf7143 sp=0x000000d469ef8bf8 mode 0
Event: 8.898 Thread 0x000002d32478af90 DEOPT PACKING pc=0x000002d307c1ba08 sp=0x000000d469ef96f0
Event: 8.898 Thread 0x000002d32478af90 DEOPT UNPACKING pc=0x000002d30edf7143 sp=0x000000d469ef8bf8 mode 0
Event: 8.900 Thread 0x000002d32478af90 DEOPT PACKING pc=0x000002d307c1ba08 sp=0x000000d469ef9520
Event: 8.900 Thread 0x000002d32478af90 DEOPT UNPACKING pc=0x000002d30edf7143 sp=0x000000d469ef8a28 mode 0
Event: 8.901 Thread 0x000002d32478af90 DEOPT PACKING pc=0x000002d307c1ba08 sp=0x000000d469ef9520
Event: 8.901 Thread 0x000002d32478af90 DEOPT UNPACKING pc=0x000002d30edf7143 sp=0x000000d469ef8a28 mode 0
Event: 9.116 Thread 0x000002d32478af90 DEOPT PACKING pc=0x000002d307c1ba08 sp=0x000000d469ef8ec0
Event: 9.116 Thread 0x000002d32478af90 DEOPT UNPACKING pc=0x000002d30edf7143 sp=0x000000d469ef83c8 mode 0
Event: 9.584 Thread 0x000002d32478af90 Uncommon trap: trap_request=0xffffff45 fr.pc=0x000002d30f5074b8 relative=0x0000000000005e98
Event: 9.584 Thread 0x000002d32478af90 Uncommon trap: reason=unstable_if action=reinterpret pc=0x000002d30f5074b8 method=java.net.URLClassLoader.defineClass(Ljava/lang/String;Ljdk/internal/loader/Resource;)Ljava/lang/Class; @ 21 c2
Event: 9.584 Thread 0x000002d32478af90 DEOPT PACKING pc=0x000002d30f5074b8 sp=0x000000d469efa1f0
Event: 9.584 Thread 0x000002d32478af90 DEOPT UNPACKING pc=0x000002d30edf69a3 sp=0x000000d469ef9fd0 mode 2
Event: 9.586 Thread 0x000002d32478af90 Uncommon trap: trap_request=0xffffff45 fr.pc=0x000002d30f4a1bdc relative=0x000000000000079c
Event: 9.586 Thread 0x000002d32478af90 Uncommon trap: reason=unstable_if action=reinterpret pc=0x000002d30f4a1bdc method=java.lang.Class.getPackageName()Ljava/lang/String; @ 55 c2
Event: 9.586 Thread 0x000002d32478af90 DEOPT PACKING pc=0x000002d30f4a1bdc sp=0x000000d469ef9da0
Event: 9.586 Thread 0x000002d32478af90 DEOPT UNPACKING pc=0x000002d30edf69a3 sp=0x000000d469ef9d60 mode 2

Classes unloaded (0 events):
No events

Classes redefined (0 events):
No events

Internal exceptions (20 events):
Event: 8.498 Thread 0x000002d32478af90 Exception <a 'java/lang/NoSuchMethodError'{0x0000000083b5c7b8}: 'java.lang.Object java.lang.invoke.DelegatingMethodHandle$Holder.delegate(java.lang.Object, java.lang.Object, java.lang.Object, java.lang.Object, java.lang.Object, java.lang.Object, java.lang.Object, java.lang.Object, java.lang.Object, java.lang.Object, java.lang.Object, java.lang.Object, java.lang.Object, java.lang.Object, java.lang.Object, java.lang.Object, java.lang.Object, java.lang.Object, java.lang.Object, java.lang.Object, java.lang.Obj
Event: 8.512 Thread 0x000002d32478af90 Exception <a 'java/lang/NoSuchMethodError'{0x0000000083bdc4d0}: 'java.lang.Object java.lang.invoke.DirectMethodHandle$Holder.invokeStatic(java.lang.Object, java.lang.Object, java.lang.Object, java.lang.Object, java.lang.Object, java.lang.Object, java.lang.Object, java.lang.Object, java.lang.Object, java.lang.Object, java.lang.Object, java.lang.Object, java.lang.Object, java.lang.Object, java.lang.Object, java.lang.Object, java.lang.Object)'> (0x0000000083bdc4d0) 
thrown [s\src\hotspot\share\interpreter\lin
Event: 8.515 Thread 0x000002d32478af90 Exception <a 'java/lang/NoSuchMethodError'{0x0000000083a063d8}: 'java.lang.Object java.lang.invoke.DirectMethodHandle$Holder.invokeStatic(java.lang.Object, java.lang.Object, java.lang.Object, java.lang.Object, java.lang.Object, java.lang.Object, java.lang.Object, java.lang.Object, java.lang.Object, java.lang.Object, java.lang.Object, java.lang.Object, java.lang.Object, java.lang.Object, java.lang.Object, java.lang.Object, java.lang.Object, java.lang.Object)'> (0x0000000083a063d8) 
thrown [s\src\hotspot\sha
Event: 8.521 Thread 0x000002d32478af90 Exception <a 'java/lang/NoSuchMethodError'{0x0000000083a30b20}: 'java.lang.Object java.lang.invoke.DirectMethodHandle$Holder.invokeStatic(java.lang.Object, java.lang.Object, java.lang.Object, java.lang.Object, java.lang.Object, java.lang.Object, java.lang.Object, java.lang.Object, java.lang.Object, java.lang.Object, java.lang.Object, java.lang.Object, java.lang.Object, java.lang.Object, java.lang.Object, java.lang.Object, java.lang.Object, java.lang.Object, java.lang.Object)'> (0x0000000083a30b20) 
thrown 
Event: 8.525 Thread 0x000002d32478af90 Exception <a 'java/lang/NoSuchMethodError'{0x0000000083a5c4e0}: 'java.lang.Object java.lang.invoke.DirectMethodHandle$Holder.invokeStatic(java.lang.Object, java.lang.Object, java.lang.Object, java.lang.Object, java.lang.Object, java.lang.Object, java.lang.Object, java.lang.Object, java.lang.Object, java.lang.Object, java.lang.Object, java.lang.Object, java.lang.Object, java.lang.Object, java.lang.Object, java.lang.Object, java.lang.Object, java.lang.Object, java.lang.Object, java.lang.Object)'> (0x00000000
Event: 8.528 Thread 0x000002d32478af90 Exception <a 'java/lang/NoSuchMethodError'{0x0000000083a88bb0}: 'java.lang.Object java.lang.invoke.DirectMethodHandle$Holder.invokeStatic(java.lang.Object, java.lang.Object, java.lang.Object, java.lang.Object, java.lang.Object, java.lang.Object, java.lang.Object, java.lang.Object, java.lang.Object, java.lang.Object, java.lang.Object, java.lang.Object, java.lang.Object, java.lang.Object, java.lang.Object, java.lang.Object, java.lang.Object, java.lang.Object, java.lang.Object, java.lang.Object, java.lang.Obj
Event: 8.531 Thread 0x000002d32478af90 Exception <a 'java/lang/NoSuchMethodError'{0x0000000083ab6088}: 'java.lang.Object java.lang.invoke.DirectMethodHandle$Holder.invokeStatic(java.lang.Object, java.lang.Object, java.lang.Object, java.lang.Object, java.lang.Object, java.lang.Object, java.lang.Object, java.lang.Object, java.lang.Object, java.lang.Object, java.lang.Object, java.lang.Object, java.lang.Object, java.lang.Object, java.lang.Object, java.lang.Object, java.lang.Object, java.lang.Object, java.lang.Object, java.lang.Object, java.lang.Obj
Event: 8.535 Thread 0x000002d32478af90 Exception <a 'java/lang/NoSuchMethodError'{0x0000000083ae4608}: 'java.lang.Object java.lang.invoke.DirectMethodHandle$Holder.invokeStatic(java.lang.Object, java.lang.Object, java.lang.Object, java.lang.Object, java.lang.Object, java.lang.Object, java.lang.Object, java.lang.Object, java.lang.Object, java.lang.Object, java.lang.Object, java.lang.Object, java.lang.Object, java.lang.Object, java.lang.Object, java.lang.Object, java.lang.Object, java.lang.Object, java.lang.Object, java.lang.Object, java.lang.Obj
Event: 8.539 Thread 0x000002d32478af90 Exception <a 'java/lang/NoSuchMethodError'{0x0000000083913d48}: 'java.lang.Object java.lang.invoke.DirectMethodHandle$Holder.invokeStatic(java.lang.Object, java.lang.Object, java.lang.Object, java.lang.Object, java.lang.Object, java.lang.Object, java.lang.Object, java.lang.Object, java.lang.Object, java.lang.Object, java.lang.Object, java.lang.Object, java.lang.Object, java.lang.Object, java.lang.Object, java.lang.Object, java.lang.Object, java.lang.Object, java.lang.Object, java.lang.Object, java.lang.Obj
Event: 8.544 Thread 0x000002d32478af90 Exception <a 'java/lang/NoSuchMethodError'{0x0000000083944b40}: 'java.lang.Object java.lang.invoke.DirectMethodHandle$Holder.invokeStatic(java.lang.Object, java.lang.Object, java.lang.Object, java.lang.Object, java.lang.Object, java.lang.Object, java.lang.Object, java.lang.Object, java.lang.Object, java.lang.Object, java.lang.Object, java.lang.Object, java.lang.Object, java.lang.Object, java.lang.Object, java.lang.Object, java.lang.Object, java.lang.Object, java.lang.Object, java.lang.Object, java.lang.Obj
Event: 8.549 Thread 0x000002d32478af90 Exception <a 'java/lang/NoSuchMethodError'{0x0000000083977008}: 'java.lang.Object java.lang.invoke.DirectMethodHandle$Holder.invokeStatic(java.lang.Object, java.lang.Object, java.lang.Object, java.lang.Object, java.lang.Object, java.lang.Object, java.lang.Object, java.lang.Object, java.lang.Object, java.lang.Object, java.lang.Object, java.lang.Object, java.lang.Object, java.lang.Object, java.lang.Object, java.lang.Object, java.lang.Object, java.lang.Object, java.lang.Object, java.lang.Object, java.lang.Obj
Event: 8.961 Thread 0x000002d32478af90 Exception <a 'java/lang/IncompatibleClassChangeError'{0x0000000084c506e8}: Found class java.lang.Object, but interface was expected> (0x0000000084c506e8) 
thrown [s\src\hotspot\share\interpreter\linkResolver.cpp, line 838]
Event: 8.987 Thread 0x000002d32478af90 Exception <a 'java/lang/NoSuchMethodError'{0x0000000084b15910}: 'java.lang.Object java.lang.invoke.DirectMethodHandle$Holder.newInvokeSpecial(java.lang.Object, java.lang.Object, long)'> (0x0000000084b15910) 
thrown [s\src\hotspot\share\interpreter\linkResolver.cpp, line 771]
Event: 8.988 Thread 0x000002d32478af90 Exception <a 'java/lang/NoSuchMethodError'{0x0000000084b1a1c8}: 'java.lang.Object java.lang.invoke.Invokers$Holder.linkToTargetMethod(java.lang.Object, long, java.lang.Object)'> (0x0000000084b1a1c8) 
thrown [s\src\hotspot\share\interpreter\linkResolver.cpp, line 771]
Event: 9.083 Thread 0x000002d32478af90 Exception <a 'java/lang/NoSuchMethodError'{0x0000000084ab3798}: 'int java.lang.invoke.DirectMethodHandle$Holder.invokeInterface(java.lang.Object, java.lang.Object)'> (0x0000000084ab3798) 
thrown [s\src\hotspot\share\interpreter\linkResolver.cpp, line 771]
Event: 9.506 Thread 0x000002d32478af90 Exception <a 'java/lang/NoSuchMethodError'{0x00000000847efe20}: 'java.lang.Object java.lang.invoke.DirectMethodHandle$Holder.invokeVirtual(java.lang.Object, java.lang.Object, int)'> (0x00000000847efe20) 
thrown [s\src\hotspot\share\interpreter\linkResolver.cpp, line 771]
Event: 9.647 Thread 0x000002d32478af90 Exception <a 'java/lang/NoSuchMethodError'{0x00000000844b8bd8}: 'java.lang.Object java.lang.invoke.DirectMethodHandle$Holder.newInvokeSpecial(java.lang.Object, java.lang.Object, java.lang.Object, java.lang.Object, int)'> (0x00000000844b8bd8) 
thrown [s\src\hotspot\share\interpreter\linkResolver.cpp, line 771]
Event: 9.648 Thread 0x000002d32478af90 Exception <a 'java/lang/NoSuchMethodError'{0x00000000844bdc58}: 'java.lang.Object java.lang.invoke.DirectMethodHandle$Holder.invokeSpecial(java.lang.Object, java.lang.Object, java.lang.Object, java.lang.Object, java.lang.Object, int)'> (0x00000000844bdc58) 
thrown [s\src\hotspot\share\interpreter\linkResolver.cpp, line 771]
Event: 9.648 Thread 0x000002d32478af90 Exception <a 'java/lang/NoSuchMethodError'{0x00000000844c2688}: 'java.lang.Object java.lang.invoke.Invokers$Holder.linkToTargetMethod(java.lang.Object, java.lang.Object, java.lang.Object, int, java.lang.Object)'> (0x00000000844c2688) 
thrown [s\src\hotspot\share\interpreter\linkResolver.cpp, line 771]
Event: 9.708 Thread 0x000002d32478af90 Exception <a 'java/lang/NoSuchMethodError'{0x0000000083a91098}: 'int java.lang.invoke.DirectMethodHandle$Holder.invokeInterface(java.lang.Object, java.lang.Object, java.lang.Object, java.lang.Object)'> (0x0000000083a91098) 
thrown [s\src\hotspot\share\interpreter\linkResolver.cpp, line 771]

VM Operations (20 events):
Event: 8.240 Executing VM operation: HandshakeAllThreads
Event: 8.240 Executing VM operation: HandshakeAllThreads done
Event: 8.294 Executing VM operation: G1CollectForAllocation
Event: 8.301 Executing VM operation: G1CollectForAllocation done
Event: 8.307 Executing VM operation: G1CollectForAllocation
Event: 8.312 Executing VM operation: G1CollectForAllocation done
Event: 8.905 Executing VM operation: G1CollectForAllocation
Event: 8.909 Executing VM operation: G1CollectForAllocation done
Event: 8.967 Executing VM operation: HandshakeAllThreads
Event: 8.967 Executing VM operation: HandshakeAllThreads done
Event: 9.030 Executing VM operation: HandshakeAllThreads
Event: 9.030 Executing VM operation: HandshakeAllThreads done
Event: 9.685 Executing VM operation: HandshakeAllThreads
Event: 9.685 Executing VM operation: HandshakeAllThreads done
Event: 9.691 Executing VM operation: HandshakeAllThreads
Event: 9.691 Executing VM operation: HandshakeAllThreads done
Event: 9.704 Executing VM operation: HandshakeAllThreads
Event: 9.705 Executing VM operation: HandshakeAllThreads done
Event: 9.866 Executing VM operation: HandshakeAllThreads
Event: 9.866 Executing VM operation: HandshakeAllThreads done

Events (20 events):
Event: 8.527 loading class java/lang/invoke/BoundMethodHandle$Species_LLLLLLLLLLLLLLLLLL
Event: 8.527 loading class java/lang/invoke/BoundMethodHandle$Species_LLLLLLLLLLLLLLLLLL done
Event: 8.530 loading class java/lang/invoke/BoundMethodHandle$Species_LLLLLLLLLLLLLLLLLLL
Event: 8.530 loading class java/lang/invoke/BoundMethodHandle$Species_LLLLLLLLLLLLLLLLLLL done
Event: 8.533 loading class java/lang/invoke/BoundMethodHandle$Species_LLLLLLLLLLLLLLLLLLLL
Event: 8.533 loading class java/lang/invoke/BoundMethodHandle$Species_LLLLLLLLLLLLLLLLLLLL done
Event: 8.537 loading class java/lang/invoke/BoundMethodHandle$Species_LLLLLLLLLLLLLLLLLLLLL
Event: 8.537 loading class java/lang/invoke/BoundMethodHandle$Species_LLLLLLLLLLLLLLLLLLLLL done
Event: 8.542 loading class java/lang/invoke/BoundMethodHandle$Species_LLLLLLLLLLLLLLLLLLLLLL
Event: 8.542 loading class java/lang/invoke/BoundMethodHandle$Species_LLLLLLLLLLLLLLLLLLLLLL done
Event: 8.547 loading class java/lang/invoke/BoundMethodHandle$Species_LLLLLLLLLLLLLLLLLLLLLLL
Event: 8.547 loading class java/lang/invoke/BoundMethodHandle$Species_LLLLLLLLLLLLLLLLLLLLLLL done
Event: 8.568 loading class java/util/regex/Pattern$Pos
Event: 8.568 loading class java/util/regex/Pattern$Pos done
Event: 9.063 loading class java/nio/charset/CharacterCodingException
Event: 9.063 loading class java/nio/charset/CharacterCodingException done
Event: 9.508 loading class java/util/stream/Streams$RangeIntSpliterator
Event: 9.512 loading class java/util/stream/Streams$RangeIntSpliterator done
Event: 9.690 loading class java/util/ArrayList$ListItr
Event: 9.691 loading class java/util/ArrayList$ListItr done


Dynamic libraries:
0x00007ff6536f0000 - 0x00007ff6536fa000 	D:\Android\Android Studio\jbr\bin\java.exe
0x00007ffc4c170000 - 0x00007ffc4c368000 	C:\WINDOWS\SYSTEM32\ntdll.dll
0x00007ffc4a310000 - 0x00007ffc4a3cd000 	C:\WINDOWS\System32\KERNEL32.DLL
0x00007ffc498e0000 - 0x00007ffc49bd6000 	C:\WINDOWS\System32\KERNELBASE.dll
0x00007ffc418e0000 - 0x00007ffc41970000 	C:\WINDOWS\SYSTEM32\apphelp.dll
0x00007ffc49ea0000 - 0x00007ffc49fa0000 	C:\WINDOWS\System32\ucrtbase.dll
0x00007ffc2f350000 - 0x00007ffc2f36b000 	D:\Android\Android Studio\jbr\bin\VCRUNTIME140.dll
0x00007ffc36280000 - 0x00007ffc36297000 	D:\Android\Android Studio\jbr\bin\jli.dll
0x00007ffc4a810000 - 0x00007ffc4a9af000 	C:\WINDOWS\System32\USER32.dll
0x00007ffc49e40000 - 0x00007ffc49e62000 	C:\WINDOWS\System32\win32u.dll
0x00007ffc35370000 - 0x00007ffc3560a000 	C:\WINDOWS\WinSxS\amd64_microsoft.windows.common-controls_6595b64144ccf1df_6.0.19041.4355_none_60b8b9eb71f62e16\COMCTL32.dll
0x00007ffc4b000000 - 0x00007ffc4b02b000 	C:\WINDOWS\System32\GDI32.dll
0x00007ffc4aa60000 - 0x00007ffc4aafe000 	C:\WINDOWS\System32\msvcrt.dll
0x00007ffc4a040000 - 0x00007ffc4a157000 	C:\WINDOWS\System32\gdi32full.dll
0x00007ffc49fa0000 - 0x00007ffc4a03d000 	C:\WINDOWS\System32\msvcp_win.dll
0x00007ffc4a1b0000 - 0x00007ffc4a1df000 	C:\WINDOWS\System32\IMM32.DLL
0x00007ffc384c0000 - 0x00007ffc384cc000 	D:\Android\Android Studio\jbr\bin\vcruntime140_1.dll
0x00007ffc0f1c0000 - 0x00007ffc0f24d000 	D:\Android\Android Studio\jbr\bin\msvcp140.dll
0x00007ffbe4650000 - 0x00007ffbe52d3000 	D:\Android\Android Studio\jbr\bin\server\jvm.dll
0x00007ffc4a400000 - 0x00007ffc4a4b0000 	C:\WINDOWS\System32\ADVAPI32.dll
0x00007ffc4bf70000 - 0x00007ffc4c010000 	C:\WINDOWS\System32\sechost.dll
0x00007ffc4ad40000 - 0x00007ffc4ae63000 	C:\WINDOWS\System32\RPCRT4.dll
0x00007ffc49e70000 - 0x00007ffc49e97000 	C:\WINDOWS\System32\bcrypt.dll
0x00007ffc48db0000 - 0x00007ffc48dfb000 	C:\WINDOWS\SYSTEM32\POWRPROF.dll
0x00007ffc3efc0000 - 0x00007ffc3efca000 	C:\WINDOWS\SYSTEM32\VERSION.dll
0x00007ffc38530000 - 0x00007ffc38557000 	C:\WINDOWS\SYSTEM32\WINMM.dll
0x00007ffc42f30000 - 0x00007ffc42f39000 	C:\WINDOWS\SYSTEM32\WSOCK32.dll
0x00007ffc4b030000 - 0x00007ffc4b09b000 	C:\WINDOWS\System32\ws2_32.DLL
0x00007ffc48c20000 - 0x00007ffc48c32000 	C:\WINDOWS\SYSTEM32\UMPDC.dll
0x00007ffc48040000 - 0x00007ffc48052000 	C:\WINDOWS\SYSTEM32\kernel.appcore.dll
0x00007ffc41e40000 - 0x00007ffc41e4a000 	D:\Android\Android Studio\jbr\bin\jimage.dll
0x00007ffc44d00000 - 0x00007ffc44ee4000 	C:\WINDOWS\SYSTEM32\DBGHELP.DLL
0x00007ffc33240000 - 0x00007ffc33274000 	C:\WINDOWS\SYSTEM32\dbgcore.DLL
0x00007ffc49be0000 - 0x00007ffc49c62000 	C:\WINDOWS\System32\bcryptPrimitives.dll
0x00007ffc38650000 - 0x00007ffc3865e000 	D:\Android\Android Studio\jbr\bin\instrument.dll
0x00007ffc37e60000 - 0x00007ffc37e85000 	D:\Android\Android Studio\jbr\bin\java.dll
0x00007ffc38820000 - 0x00007ffc38838000 	D:\Android\Android Studio\jbr\bin\zip.dll
0x00007ffc4b6a0000 - 0x00007ffc4be0c000 	C:\WINDOWS\System32\SHELL32.dll
0x00007ffc443b0000 - 0x00007ffc44b4d000 	C:\WINDOWS\SYSTEM32\windows.storage.dll
0x00007ffc4a4b0000 - 0x00007ffc4a803000 	C:\WINDOWS\System32\combase.dll
0x00007ffc49250000 - 0x00007ffc4927e000 	C:\WINDOWS\SYSTEM32\Wldp.dll
0x00007ffc4af30000 - 0x00007ffc4affd000 	C:\WINDOWS\System32\OLEAUT32.dll
0x00007ffc4ae80000 - 0x00007ffc4af2d000 	C:\WINDOWS\System32\SHCORE.dll
0x00007ffc4c010000 - 0x00007ffc4c065000 	C:\WINDOWS\System32\shlwapi.dll
0x00007ffc49760000 - 0x00007ffc49784000 	C:\WINDOWS\SYSTEM32\profapi.dll
0x00007ffc386e0000 - 0x00007ffc386f9000 	D:\Android\Android Studio\jbr\bin\net.dll
0x00007ffc42ad0000 - 0x00007ffc42bda000 	C:\WINDOWS\SYSTEM32\WINHTTP.dll
0x00007ffc48fb0000 - 0x00007ffc4901a000 	C:\WINDOWS\system32\mswsock.dll
0x00007ffc366f0000 - 0x00007ffc36706000 	D:\Android\Android Studio\jbr\bin\nio.dll
0x00007ffc41a70000 - 0x00007ffc41a80000 	D:\Android\Android Studio\jbr\bin\verify.dll
0x00007ffc34bb0000 - 0x00007ffc34bd7000 	C:\Users\tanis\.gradle\native\c067742578af261105cb4f569cf0c3c89f3d7b1fecec35dd04571415982c5e48\windows-amd64\native-platform.dll
0x00007ffc0b4e0000 - 0x00007ffc0b624000 	C:\Users\tanis\.gradle\native\38dada09dfb8b06ba9b0570ebf7e218e3eb74d4ef43ca46872605cf95ebc2f47\windows-amd64\native-platform-file-events.dll
0x00007ffc3b9e0000 - 0x00007ffc3b9e9000 	D:\Android\Android Studio\jbr\bin\management.dll
0x00007ffc38690000 - 0x00007ffc3869b000 	D:\Android\Android Studio\jbr\bin\management_ext.dll
0x00007ffc4a3d0000 - 0x00007ffc4a3d8000 	C:\WINDOWS\System32\PSAPI.DLL
0x00007ffc491a0000 - 0x00007ffc491b8000 	C:\WINDOWS\SYSTEM32\CRYPTSP.dll
0x00007ffc48860000 - 0x00007ffc48894000 	C:\WINDOWS\system32\rsaenh.dll
0x00007ffc49710000 - 0x00007ffc4973e000 	C:\WINDOWS\SYSTEM32\USERENV.dll
0x00007ffc491c0000 - 0x00007ffc491cc000 	C:\WINDOWS\SYSTEM32\CRYPTBASE.dll
0x00007ffc48c40000 - 0x00007ffc48c7b000 	C:\WINDOWS\SYSTEM32\IPHLPAPI.DLL
0x00007ffc4b570000 - 0x00007ffc4b578000 	C:\WINDOWS\System32\NSI.dll
0x00007ffc41dc0000 - 0x00007ffc41dd7000 	C:\WINDOWS\SYSTEM32\dhcpcsvc6.DLL
0x00007ffc42370000 - 0x00007ffc4238d000 	C:\WINDOWS\SYSTEM32\dhcpcsvc.DLL
0x00007ffc48c80000 - 0x00007ffc48d4a000 	C:\WINDOWS\SYSTEM32\DNSAPI.dll
0x00007ffc3bb40000 - 0x00007ffc3bb49000 	D:\Android\Android Studio\jbr\bin\extnet.dll
0x00007ffc195d0000 - 0x00007ffc195d7000 	C:\WINDOWS\system32\wshunix.dll

dbghelp: loaded successfully - version: 4.0.5 - missing functions: none
symbol engine: initialized successfully - sym options: 0x614 - pdb path: .;D:\Android\Android Studio\jbr\bin;C:\WINDOWS\SYSTEM32;C:\WINDOWS\WinSxS\amd64_microsoft.windows.common-controls_6595b64144ccf1df_6.0.19041.4355_none_60b8b9eb71f62e16;D:\Android\Android Studio\jbr\bin\server;C:\Users\tanis\.gradle\native\c067742578af261105cb4f569cf0c3c89f3d7b1fecec35dd04571415982c5e48\windows-amd64;C:\Users\tanis\.gradle\native\38dada09dfb8b06ba9b0570ebf7e218e3eb74d4ef43ca46872605cf95ebc2f47\windows-amd64

VM Arguments:
jvm_args: --add-opens=java.base/java.util=ALL-UNNAMED --add-opens=java.base/java.lang=ALL-UNNAMED --add-opens=java.base/java.lang.invoke=ALL-UNNAMED --add-opens=java.prefs/java.util.prefs=ALL-UNNAMED --add-opens=java.base/java.nio.charset=ALL-UNNAMED --add-opens=java.base/java.net=ALL-UNNAMED --add-opens=java.base/java.util.concurrent.atomic=ALL-UNNAMED -Xmx2048m -Dfile.encoding=UTF-8 -Duser.country=US -Duser.language=en -Duser.variant -javaagent:C:\Users\tanis\.gradle\wrapper\dists\gradle-8.7-bin\bhs2wmbdwecv87pi65oeuq5iu\gradle-8.7\lib\agents\gradle-instrumentation-agent-8.7.jar 
java_command: org.gradle.launcher.daemon.bootstrap.GradleDaemon 8.7
java_class_path (initial): C:\Users\tanis\.gradle\wrapper\dists\gradle-8.7-bin\bhs2wmbdwecv87pi65oeuq5iu\gradle-8.7\lib\gradle-launcher-8.7.jar
Launcher Type: SUN_STANDARD

[Global flags]
     intx CICompilerCount                          = 4                                         {product} {ergonomic}
     uint ConcGCThreads                            = 2                                         {product} {ergonomic}
     uint G1ConcRefinementThreads                  = 8                                         {product} {ergonomic}
   size_t G1HeapRegionSize                         = 1048576                                   {product} {ergonomic}
    uintx GCDrainStackTargetSize                   = 64                                        {product} {ergonomic}
   size_t InitialHeapSize                          = 132120576                                 {product} {ergonomic}
   size_t MarkStackSize                            = 4194304                                   {product} {ergonomic}
   size_t MaxHeapSize                              = 2147483648                                {product} {command line}
   size_t MaxNewSize                               = 1287651328                                {product} {ergonomic}
   size_t MinHeapDeltaBytes                        = 1048576                                   {product} {ergonomic}
   size_t MinHeapSize                              = 8388608                                   {product} {ergonomic}
    uintx NonNMethodCodeHeapSize                   = 5839372                                {pd product} {ergonomic}
    uintx NonProfiledCodeHeapSize                  = 122909434                              {pd product} {ergonomic}
    uintx ProfiledCodeHeapSize                     = 122909434                              {pd product} {ergonomic}
    uintx ReservedCodeCacheSize                    = 251658240                              {pd product} {ergonomic}
     bool SegmentedCodeCache                       = true                                      {product} {ergonomic}
   size_t SoftMaxHeapSize                          = 2147483648                             {manageable} {ergonomic}
     bool UseCompressedClassPointers               = true                           {product lp64_product} {ergonomic}
     bool UseCompressedOops                        = true                           {product lp64_product} {ergonomic}
     bool UseG1GC                                  = true                                      {product} {ergonomic}
     bool UseLargePagesIndividualAllocation        = false                                  {pd product} {ergonomic}

Logging:
Log output configuration:
 #0: stdout all=warning uptime,level,tags
 #1: stderr all=off uptime,level,tags

Environment Variables:
PATH=C:\Windows\system32;C:\Windows;C:\Windows\System32\Wbem;C:\Windows\System32\WindowsPowerShell\v1.0\;C:\Windows\System32\OpenSSH\;C:\Program Files (x86)\NVIDIA Corporation\PhysX\Common;C:\WINDOWS\system32;C:\WINDOWS;C:\WINDOWS\System32\Wbem;C:\WINDOWS\System32\WindowsPowerShell\v1.0\;C:\WINDOWS\System32\OpenSSH\;C:\Users\tanis\AppData\Local\Packages\PythonSoftwareFoundation.Python.3.11_qbz5n2kfra8p0\LocalCache\local-packages\Python311\Scripts;'C:\Users\tanis\AppData\Local\Packages\PythonSoftwareFoundation.Python.3.11_qbz5n2kfra8p0\LocalCache\local-packages\Python311\Scripts;D:\Softwares\gradle-8.5\bin;C:\Program Files\NVIDIA Corporation\NVIDIA NvDLISR;C:\Program Files\dotnet\;C:\ProgramData\chocolatey\bin;D:\Softwares\Git\cmd;D:\Softwares\anaconda3;D:\Softwares\anaconda3\Library\bin;D:\Softwares\anaconda3\Scripts;C:\Users\tanis\AppData\Local\Microsoft\WindowsApps;D:\Softwares\Microsoft VS Code\bin;D:\Softwares\IntelliJ IDEA 2024.1.2\bin;;C:\Users\tanis\AppData\Local\Android\Sdk\platform-tools;
USERNAME=tanis
OS=Windows_NT
PROCESSOR_IDENTIFIER=Intel64 Family 6 Model 142 Stepping 12, GenuineIntel
TMP=C:\Users\tanis\AppData\Local\Temp
TEMP=C:\Users\tanis\AppData\Local\Temp



Periodic native trim disabled

JNI global refs:
JNI global refs: 25, weak refs: 1

JNI global refs memory usage: 843, weak refs: 841

OOME stack traces (most recent first):
Classloader memory used:
Loader org.gradle.internal.classloader.VisitableURLClassLoader                         : 2670K
Loader bootstrap                                                                       : 2326K
Loader org.gradle.initialization.MixInLegacyTypesClassLoader                           : 549K
Loader jdk.internal.loader.ClassLoaders$PlatformClassLoader                            : 65602B
Loader jdk.internal.loader.ClassLoaders$AppClassLoader                                 : 28766B
Loader jdk.internal.reflect.DelegatingClassLoader                                      : 4327B
Loader org.gradle.internal.classloader.VisitableURLClassLoader                         : 807B

Classes loaded by more than one classloader:
Class org.gradle.internal.installation.GradleInstallation                             : loaded 2 times (x 73B)
Class org.gradle.internal.classpath.ClassPath                                         : loaded 2 times (x 68B)
Class org.gradle.api.internal.classpath.DefaultModuleRegistry                         : loaded 2 times (x 84B)
Class org.gradle.api.Action                                                           : loaded 2 times (x 68B)
Class org.gradle.api.internal.DefaultClassPathProvider                                : loaded 2 times (x 74B)
Class org.gradle.internal.installation.GradleInstallation$1                           : loaded 2 times (x 73B)
Class org.gradle.internal.classloader.FilteringClassLoader                            : loaded 2 times (x 103B)
Class org.gradle.internal.classpath.DefaultClassPath$ImmutableUniqueList$Builder      : loaded 2 times (x 73B)
Class org.gradle.internal.classloader.ClassLoaderVisitor                              : loaded 2 times (x 74B)
Class org.gradle.internal.service.DefaultServiceLocator                               : loaded 2 times (x 81B)
Class org.gradle.internal.service.UnknownServiceException                             : loaded 2 times (x 81B)
Class org.gradle.internal.classloader.DefaultClassLoaderFactory                       : loaded 2 times (x 80B)
Class org.gradle.internal.classloader.VisitableURLClassLoader$Spec                    : loaded 2 times (x 72B)
Class org.gradle.api.GradleException                                                  : loaded 2 times (x 80B)
Class org.gradle.api.internal.classpath.ModuleRegistry                                : loaded 2 times (x 68B)
Class org.gradle.api.internal.ClassPathProvider                                       : loaded 2 times (x 68B)
Class org.gradle.internal.classloader.ClasspathUtil$1                                 : loaded 2 times (x 74B)
Class org.gradle.internal.classloader.ClassLoaderFactory                              : loaded 2 times (x 68B)
Class org.gradle.api.internal.classpath.ManifestUtil                                  : loaded 2 times (x 69B)
Class org.gradle.api.specs.Spec                                                       : loaded 2 times (x 68B)
Class org.gradle.internal.IoActions                                                   : loaded 2 times (x 69B)
Class org.gradle.api.internal.classpath.EffectiveClassPath                            : loaded 2 times (x 88B)
Class org.gradle.internal.installation.CurrentGradleInstallation                      : loaded 2 times (x 71B)
Class org.gradle.internal.agents.InstrumentingClassLoader                             : loaded 2 times (x 68B)
Class org.gradle.internal.installation.CurrentGradleInstallationLocator               : loaded 2 times (x 69B)
Class org.gradle.api.internal.classpath.Module                                        : loaded 2 times (x 68B)
Class org.gradle.internal.service.CachingServiceLocator                               : loaded 2 times (x 80B)
Class org.gradle.internal.classpath.DefaultClassPath                                  : loaded 2 times (x 88B)
Class org.gradle.internal.classloader.SystemClassLoaderSpec                           : loaded 2 times (x 69B)
Class org.gradle.api.UncheckedIOException                                             : loaded 2 times (x 80B)
Class org.gradle.internal.classloader.ClasspathUtil                                   : loaded 2 times (x 69B)
Class org.gradle.api.internal.DefaultClassPathRegistry                                : loaded 2 times (x 74B)
Class org.gradle.api.internal.classpath.DefaultModuleRegistry$DefaultModule           : loaded 2 times (x 84B)
Class org.gradle.api.internal.classpath.UnknownModuleException                        : loaded 2 times (x 80B)
Class org.gradle.internal.service.ServiceLookupException                              : loaded 2 times (x 80B)
Class org.gradle.cache.GlobalCache                                                    : loaded 2 times (x 68B)
Class [Lorg.gradle.api.internal.ClassPathProvider;                                    : loaded 2 times (x 67B)
Class org.gradle.util.internal.GUtil                                                  : loaded 2 times (x 69B)
Class org.gradle.internal.classloader.ClassLoaderSpec                                 : loaded 2 times (x 69B)
Class org.gradle.internal.classloader.VisitableURLClassLoader                         : loaded 2 times (x 115B)
Class org.gradle.internal.Cast                                                        : loaded 2 times (x 69B)
Class org.gradle.api.internal.ClassPathRegistry                                       : loaded 2 times (x 68B)
Class org.gradle.internal.classloader.VisitableURLClassLoader$InstrumentingVisitableURLClassLoader: loaded 2 times (x 121B)
Class org.gradle.internal.classloader.ClassLoaderHierarchy                            : loaded 2 times (x 68B)
Class org.gradle.internal.InternalTransformer                                         : loaded 2 times (x 68B)
Class org.gradle.internal.service.ServiceLocator                                      : loaded 2 times (x 68B)
Class org.gradle.internal.classpath.DefaultClassPath$ImmutableUniqueList              : loaded 2 times (x 159B)
Class org.gradle.internal.classpath.TransformedClassPath                              : loaded 2 times (x 94B)


---------------  S Y S T E M  ---------------

OS:
 Windows 10 , 64 bit Build 19041 (10.0.19041.3636)
OS uptime: 8 days 11:09 hours

CPU: total 8 (initial active 8) (4 cores per cpu, 2 threads per core) family 6 model 142 stepping 12 microcode 0xca, cx8, cmov, fxsr, ht, mmx, 3dnowpref, sse, sse2, sse3, ssse3, sse4.1, sse4.2, popcnt, lzcnt, tsc, tscinvbit, avx, avx2, aes, erms, clmul, bmi1, bmi2, adx, fma, vzeroupper, clflush, clflushopt
Processor Information for processor 0
  Max Mhz: 2112, Current Mhz: 1609, Mhz Limit: 1605
Processor Information for processor 1
  Max Mhz: 2112, Current Mhz: 1609, Mhz Limit: 1605
Processor Information for processor 2
  Max Mhz: 2112, Current Mhz: 1609, Mhz Limit: 1605
Processor Information for processor 3
  Max Mhz: 2112, Current Mhz: 1609, Mhz Limit: 1605
Processor Information for processor 4
  Max Mhz: 2112, Current Mhz: 1609, Mhz Limit: 1605
Processor Information for processor 5
  Max Mhz: 2112, Current Mhz: 1408, Mhz Limit: 1605
Processor Information for processor 6
  Max Mhz: 2112, Current Mhz: 1609, Mhz Limit: 1605
Processor Information for processor 7
  Max Mhz: 2112, Current Mhz: 1408, Mhz Limit: 1605

Memory: 4k page, system-wide physical 8022M (213M free)
TotalPageFile size 26772M (AvailPageFile size 4M)
current process WorkingSet (physical memory assigned to process): 212M, peak: 213M
current process commit charge ("private bytes"): 245M, peak: 266M

vm_info: OpenJDK 64-Bit Server VM (17.0.10+0--11609105) for windows-amd64 JRE (17.0.10+0--11609105), built on Mar 21 2024 19:10:56 by "androidbuild" with MS VC++ 16.10 / 16.11 (VS2019)

END.
